<?xml version="1.0" encoding="UTF-8"?>
<!-- Generated by org.testng.reporters.JUnitReportReporter -->
<testsuite hostname="Anbarasis-MacBook-Pro.local" failures="0" tests="2" name="TestNGTest.NewTest" time="0.006" errors="0" timestamp="2020-11-02T15:11:04 EST" skipped="0">
  <testcase classname="TestNGTest.NewTest" name="Mysecondtest" time="0.005"/>
  <system-out/>
  <testcase classname="TestNGTest.NewTest" name="Mytest" time="0.001"/>
  <system-out/>
</testsuite> <!-- TestNGTest.NewTest -->
