<?xml version="1.0" encoding="UTF-8"?>
<!-- Generated by org.testng.reporters.JUnitReportReporter -->
<testsuite hostname="Anbarasis-MacBook-Pro.local" failures="0" tests="1" name="TestNg.TestNGSample" time="5.200" errors="0" timestamp="2020-11-05T20:34:01 EST" skipped="0">
  <testcase classname="TestNg.TestNGSample" name="Method1" time="5.200"/>
  <system-out/>
</testsuite> <!-- TestNg.TestNGSample -->
