<?xml version="1.0" encoding="UTF-8"?>
<!-- Generated by org.testng.reporters.JUnitReportReporter -->
<testsuite hostname="Anbarasis-MacBook-Pro.local" failures="0" tests="2" name="TestNg.AllAnnotations" time="0.007" errors="0" timestamp="2020-11-06T20:43:50 EST" skipped="0">
  <testcase classname="TestNg.AllAnnotations" name="Method1" time="0.005"/>
  <system-out/>
  <testcase classname="TestNg.AllAnnotations" name="Method" time="0.002"/>
  <system-out/>
</testsuite> <!-- TestNg.AllAnnotations -->
